Using pre-set license
Built from '2020.3/staging' branch; Version is '2020.3.23f1 (c5d91304a876) revision 12966163'; Using compiler version '192528614'; Build Type 'Release'
OS: 'Windows 10 Home; OS build 22000.318; Version 2009; 64bit' Language: 'en' Physical Memory: 7950 MB
BatchMode: 1, IsHumanControllingUs: 0, StartBugReporterOnCrash: 0, Is64bit: 1, IsPro: 0

COMMAND LINE ARGUMENTS:
C:\Program Files\Unity\Hub\Editor\2020.3.23f1\Editor\Unity.exe
-adb2
-batchMode
-noUpm
-name
AssetImportWorker0
-projectPath
C:/Users/mudas/Desktop/StarshipFinal/Starship
-logFile
Logs/AssetImportWorker0.log
-srvPort
65113
Successfully changed project path to: C:/Users/mudas/Desktop/StarshipFinal/Starship
C:/Users/mudas/Desktop/StarshipFinal/Starship
Using Asset Import Pipeline V2.
Refreshing native plugins compatible for Editor in 45.15 ms, found 3 plugins.
Preloading 0 native plugins for Editor in 0.00 ms.
Initialize engine version: 2020.3.23f1 (c5d91304a876)
[Subsystems] Discovering subsystems at path C:/Program Files/Unity/Hub/Editor/2020.3.23f1/Editor/Data/Resources/UnitySubsystems
[Subsystems] Discovering subsystems at path C:/Users/mudas/Desktop/StarshipFinal/Starship/Assets
GfxDevice: creating device client; threaded=0
Direct3D:
    Version:  Direct3D 11.0 [level 11.1]
    Renderer: Intel(R) Iris(R) Plus Graphics (ID=0x8a52)
    Vendor:   
    VRAM:     3975 MB
    Driver:   30.0.100.9922
Initialize mono
Mono path[0] = 'C:/Program Files/Unity/Hub/Editor/2020.3.23f1/Editor/Data/Managed'
Mono path[1] = 'C:/Program Files/Unity/Hub/Editor/2020.3.23f1/Editor/Data/MonoBleedingEdge/lib/mono/unityjit'
Mono config path = 'C:/Program Files/Unity/Hub/Editor/2020.3.23f1/Editor/Data/MonoBleedingEdge/etc'
Using monoOptions --debugger-agent=transport=dt_socket,embedding=1,server=y,suspend=n,address=127.0.0.1:56996
Begin MonoManager ReloadAssembly
Registering precompiled unity dll's ...
Register platform support module: C:/Program Files/Unity/Hub/Editor/2020.3.23f1/Editor/Data/PlaybackEngines/WebGLSupport/UnityEditor.WebGL.Extensions.dll
Register platform support module: C:/Program Files/Unity/Hub/Editor/2020.3.23f1/Editor/Data/PlaybackEngines/WindowsStandaloneSupport/UnityEditor.WindowsStandalone.Extensions.dll
Registered in 0.002259 seconds.
Native extension for WindowsStandalone target not found
Native extension for WebGL target not found
Refreshing native plugins compatible for Editor in 43.77 ms, found 3 plugins.
Preloading 0 native plugins for Editor in 0.00 ms.
Mono: successfully reloaded assembly
- Completed reload, in  0.543 seconds
Domain Reload Profiling:
	ReloadAssembly (544ms)
		BeginReloadAssembly (54ms)
			ExecutionOrderSort (0ms)
			DisableScriptedObjects (0ms)
			BackupInstance (0ms)
			ReleaseScriptingObjects (0ms)
			CreateAndSetChildDomain (1ms)
		EndReloadAssembly (422ms)
			LoadAssemblies (52ms)
			RebuildTransferFunctionScriptingTraits (0ms)
			SetupTypeCache (136ms)
			ReleaseScriptCaches (0ms)
			RebuildScriptCaches (24ms)
			SetupLoadedEditorAssemblies (164ms)
				LogAssemblyErrors (0ms)
				InitializePlatformSupportModulesInManaged (5ms)
				SetLoadedEditorAssemblies (0ms)
				RefreshPlugins (44ms)
				BeforeProcessingInitializeOnLoad (7ms)
				ProcessInitializeOnLoadAttributes (81ms)
				ProcessInitializeOnLoadMethodAttributes (26ms)
				AfterProcessingInitializeOnLoad (0ms)
				EditorAssembliesLoaded (0ms)
			ExecutionOrderSort2 (0ms)
			AwakeInstancesAfterBackupRestoration (0ms)
Platform modules already initialized, skipping
Registering precompiled user dll's ...
Registered in 0.007052 seconds.
Begin MonoManager ReloadAssembly
Native extension for WindowsStandalone target not found
Native extension for WebGL target not found
Refreshing native plugins compatible for Editor in 44.12 ms, found 3 plugins.
Preloading 0 native plugins for Editor in 0.00 ms.
Mono: successfully reloaded assembly
- Completed reload, in  1.044 seconds
Domain Reload Profiling:
	ReloadAssembly (1046ms)
		BeginReloadAssembly (128ms)
			ExecutionOrderSort (0ms)
			DisableScriptedObjects (4ms)
			BackupInstance (0ms)
			ReleaseScriptingObjects (0ms)
			CreateAndSetChildDomain (17ms)
		EndReloadAssembly (858ms)
			LoadAssemblies (88ms)
			RebuildTransferFunctionScriptingTraits (0ms)
			SetupTypeCache (287ms)
			ReleaseScriptCaches (1ms)
			RebuildScriptCaches (41ms)
			SetupLoadedEditorAssemblies (327ms)
				LogAssemblyErrors (0ms)
				InitializePlatformSupportModulesInManaged (5ms)
				SetLoadedEditorAssemblies (0ms)
				RefreshPlugins (44ms)
				BeforeProcessingInitializeOnLoad (62ms)
				ProcessInitializeOnLoadAttributes (196ms)
				ProcessInitializeOnLoadMethodAttributes (16ms)
				AfterProcessingInitializeOnLoad (5ms)
				EditorAssembliesLoaded (0ms)
			ExecutionOrderSort2 (0ms)
			AwakeInstancesAfterBackupRestoration (5ms)
Platform modules already initialized, skipping
========================================================================
Worker process is ready to serve import requests
Launched and connected shader compiler UnityShaderCompiler.exe after 0.06 seconds
Refreshing native plugins compatible for Editor in 0.44 ms, found 3 plugins.
Preloading 0 native plugins for Editor in 0.00 ms.
Unloading 2211 Unused Serialized files (Serialized files now loaded: 0)
System memory in use before: 98.1 MB.
System memory in use after: 98.2 MB.

Unloading 28 unused Assets to reduce memory usage. Loaded Objects now: 2646.
Total: 2.727100 ms (FindLiveObjects: 0.190100 ms CreateObjectMapping: 0.067100 ms MarkObjects: 2.388400 ms  DeleteObjects: 0.080400 ms)

AssetImportParameters requested are different than current active one (requested -> active):
  custom:framework-win-MediaFoundation: 216162199b28c13a410421893ffa2e32 -> 
  custom:video-decoder-ogg-theora: a1e56fd34408186e4bbccfd4996cb3dc -> 
  custom:container-muxer-webm: aa71ff27fc2769a1b78a27578f13a17b -> 
  custom:container-demuxer-webm: 4f35f7cbe854078d1ac9338744f61a02 -> 
  custom:container-demuxer-ogg: 62fdf1f143b41e24485cea50d1cbac27 -> 
  custom:video-encoder-webm-vp8: eb34c28f22e8b96e1ab97ce403110664 -> 
  custom:video-decoder-webm-vp8: 9c59270c3fd7afecdb556c50c9e8de78 -> 
  custom:audio-decoder-ogg-vorbis: bf7c407c2cedff20999df2af8eb42d56 -> 
  custom:audio-encoder-webm-vorbis: bf7c407c2cedff20999df2af8eb42d56 -> 
========================================================================
Received Import Request.
  path: Assets/Material/Heart.mat
  artifactKey: Guid(6fd2d0cbb693a4e85992c8bbe152be54) Importer(815301076,1909f56bfc062723c751e8b465ee728b)
Start importing Assets/Material/Heart.mat using Guid(6fd2d0cbb693a4e85992c8bbe152be54) Importer(815301076,1909f56bfc062723c751e8b465ee728b)  -> (artifact id: 'bb65386ac93a920bbd859aa63e1e7a53') in 0.134163 seconds 
  Import took 0.138296 seconds .

========================================================================
Received Import Request.
  Time since last request: 2.881752 seconds.
  path: Assets/Prefabs/Asteroid.prefab
  artifactKey: Guid(a5acae567099a3548a7ec6472ef491ee) Importer(815301076,1909f56bfc062723c751e8b465ee728b)
Start importing Assets/Prefabs/Asteroid.prefab using Guid(a5acae567099a3548a7ec6472ef491ee) Importer(815301076,1909f56bfc062723c751e8b465ee728b)  -> (artifact id: 'a0f52eced9c711cbc0b3fcfc9590e51e') in 0.035626 seconds 
  Import took 0.039920 seconds .

========================================================================
Received Import Request.
  Time since last request: 0.000600 seconds.
  path: Assets/Prefabs/Score.prefab
  artifactKey: Guid(cc96ded2388184fdd9d28beeb9bc96ba) Importer(815301076,1909f56bfc062723c751e8b465ee728b)
Start importing Assets/Prefabs/Score.prefab using Guid(cc96ded2388184fdd9d28beeb9bc96ba) Importer(815301076,1909f56bfc062723c751e8b465ee728b)  -> (artifact id: '1926ab0a3bcbec41adfdcbfde3d3a0df') in 0.020754 seconds 
  Import took 0.025841 seconds .

========================================================================
Received Import Request.
  Time since last request: 0.000573 seconds.
  path: Assets/Prefabs/Rocket.prefab
  artifactKey: Guid(cb1ebc916e58449ddbc3a912184f434e) Importer(815301076,1909f56bfc062723c751e8b465ee728b)
Start importing Assets/Prefabs/Rocket.prefab using Guid(cb1ebc916e58449ddbc3a912184f434e) Importer(815301076,1909f56bfc062723c751e8b465ee728b)  -> (artifact id: 'c798fdec79778cf1a8acfac76f20e06b') in 0.031655 seconds 
  Import took 0.037539 seconds .

========================================================================
Received Import Request.
  Time since last request: 0.000220 seconds.
  path: Assets/Prefabs/Heart.prefab
  artifactKey: Guid(b7953d58047cf4bf08ebd2f6a4cab20b) Importer(815301076,1909f56bfc062723c751e8b465ee728b)
Start importing Assets/Prefabs/Heart.prefab using Guid(b7953d58047cf4bf08ebd2f6a4cab20b) Importer(815301076,1909f56bfc062723c751e8b465ee728b)  -> (artifact id: '1126281db54674eda412d967f16e2ce1') in 0.028053 seconds 
  Import took 0.032853 seconds .

========================================================================
Received Prepare
Refreshing native plugins compatible for Editor in 19.08 ms, found 3 plugins.
Preloading 0 native plugins for Editor in 0.00 ms.
Unloading 16 Unused Serialized files (Serialized files now loaded: 0)
System memory in use before: 57.0 MB.
System memory in use after: 57.1 MB.

Unloading 15 unused Assets to reduce memory usage. Loaded Objects now: 2688.
Total: 5.148700 ms (FindLiveObjects: 0.216100 ms CreateObjectMapping: 0.076700 ms MarkObjects: 4.824700 ms  DeleteObjects: 0.028800 ms)

AssetImportParameters requested are different than current active one (requested -> active):
  custom:framework-win-MediaFoundation: 216162199b28c13a410421893ffa2e32 -> 
  custom:video-decoder-ogg-theora: a1e56fd34408186e4bbccfd4996cb3dc -> 
  custom:container-muxer-webm: aa71ff27fc2769a1b78a27578f13a17b -> 
  custom:container-demuxer-webm: 4f35f7cbe854078d1ac9338744f61a02 -> 
  custom:container-demuxer-ogg: 62fdf1f143b41e24485cea50d1cbac27 -> 
  custom:video-encoder-webm-vp8: eb34c28f22e8b96e1ab97ce403110664 -> 
  custom:video-decoder-webm-vp8: 9c59270c3fd7afecdb556c50c9e8de78 -> 
  custom:audio-decoder-ogg-vorbis: bf7c407c2cedff20999df2af8eb42d56 -> 
  custom:audio-encoder-webm-vorbis: bf7c407c2cedff20999df2af8eb42d56 -> 
========================================================================
Received Import Request.
  Time since last request: 880.808385 seconds.
  path: Assets/Scripts/ScrollBackground.cs
  artifactKey: Guid(63abf9aa9afd1447698e5641fc080646) Importer(815301076,1909f56bfc062723c751e8b465ee728b)
Start importing Assets/Scripts/ScrollBackground.cs using Guid(63abf9aa9afd1447698e5641fc080646) Importer(815301076,1909f56bfc062723c751e8b465ee728b)  -> (artifact id: '2cc7d420415e0a075ff8bfcd5aaf2a68') in 0.109747 seconds 
  Import took 0.273626 seconds .

========================================================================
Received Import Request.
  Time since last request: 1.587133 seconds.
  path: Assets/Scripts/EndScript.cs
  artifactKey: Guid(60defbea154214d158295e48de474d49) Importer(815301076,1909f56bfc062723c751e8b465ee728b)
Start importing Assets/Scripts/EndScript.cs using Guid(60defbea154214d158295e48de474d49) Importer(815301076,1909f56bfc062723c751e8b465ee728b)  -> (artifact id: '65924cecf91c2e4b7a8425d6db725107') in 0.005185 seconds 
  Import took 0.009293 seconds .

========================================================================
Received Import Request.
  Time since last request: 1.559082 seconds.
  path: Assets/Scripts/PlayScript.cs
  artifactKey: Guid(8f5ee6ed35ae2436e81f3c029909e652) Importer(815301076,1909f56bfc062723c751e8b465ee728b)
Start importing Assets/Scripts/PlayScript.cs using Guid(8f5ee6ed35ae2436e81f3c029909e652) Importer(815301076,1909f56bfc062723c751e8b465ee728b)  -> (artifact id: 'c0211fc485d2452146d23f00e9019c37') in 0.004461 seconds 
  Import took 0.013050 seconds .

AssetImportWorkerClient::OnTransportError - code=2 error=End of file
